This is pdfTeX, Version 3.1415926-2.5-1.40.14 (TeX Live 2013/Debian) (format=pdflatex 2016.10.4)  15 APR 2017 14:07
entering extended mode
 restricted \write18 enabled.
 %&-line parsing enabled.
**main.tex
(./main.tex
LaTeX2e <2011/06/27>
Babel <3.9h> and hyphenation patterns for 4 languages loaded.
(./uscthesis.cls
Document Class: uscthesis 2016/03/09
(/usr/share/texlive/texmf-dist/tex/latex/memoir/memoir.cls
Document Class: memoir 2013/05/30 v3.7b configurable book, report, article docu
ment class
\onelineskip=\skip41
\lxvchars=\skip42
\xlvchars=\skip43
\@memcnta=\count79
\c@@memmarkcntra=\count80
(/usr/share/texlive/texmf-dist/tex/generic/oberdiek/ifpdf.sty
Package: ifpdf 2011/01/30 v2.3 Provides the ifpdf switch (HO)
Package ifpdf Info: pdfTeX in PDF mode is detected.
)
Class memoir Info: An `ifetex' package is being emulated on input line 265.

(/usr/share/texlive/texmf-dist/tex/generic/ifxetex/ifxetex.sty
Package: ifxetex 2010/09/12 v0.6 Provides ifxetex conditional
)
(/usr/share/texlive/texmf-dist/tex/generic/oberdiek/ifluatex.sty
Package: ifluatex 2010/03/01 v1.3 Provides the ifluatex switch (HO)
Package ifluatex Info: LuaTeX not detected.
)
\stockheight=\skip44
\stockwidth=\skip45
\trimtop=\skip46
\trimedge=\skip47

(/usr/share/texlive/texmf-dist/tex/latex/etex-pkg/etex.sty
Package: etex 1998/03/26 v2.0 eTeX basic definition package (PEB)
\et@xins=\count81
)
LaTeX Font Info:    Try loading font information for T1+lmr on input line 740.

(/usr/share/texmf/tex/latex/lm/t1lmr.fd
File: t1lmr.fd 2009/10/30 v1.6 Font defs for Latin Modern
)
(/usr/share/texlive/texmf-dist/tex/latex/memoir/mem12.clo
File: mem12.clo 2010/10/19 v0.4b memoir class 12pt size option
)
(/usr/share/texmf/tex/latex/lm/lmodern.sty
Package: lmodern 2009/10/30 v1.6 Latin Modern Fonts
LaTeX Font Info:    Overwriting symbol font `operators' in version `normal'
(Font)                  OT1/cmr/m/n --> OT1/lmr/m/n on input line 22.
LaTeX Font Info:    Overwriting symbol font `letters' in version `normal'
(Font)                  OML/cmm/m/it --> OML/lmm/m/it on input line 23.
LaTeX Font Info:    Overwriting symbol font `symbols' in version `normal'
(Font)                  OMS/cmsy/m/n --> OMS/lmsy/m/n on input line 24.
LaTeX Font Info:    Overwriting symbol font `largesymbols' in version `normal'
(Font)                  OMX/cmex/m/n --> OMX/lmex/m/n on input line 25.
LaTeX Font Info:    Overwriting symbol font `operators' in version `bold'
(Font)                  OT1/cmr/bx/n --> OT1/lmr/bx/n on input line 26.
LaTeX Font Info:    Overwriting symbol font `letters' in version `bold'
(Font)                  OML/cmm/b/it --> OML/lmm/b/it on input line 27.
LaTeX Font Info:    Overwriting symbol font `symbols' in version `bold'
(Font)                  OMS/cmsy/b/n --> OMS/lmsy/b/n on input line 28.
LaTeX Font Info:    Overwriting symbol font `largesymbols' in version `bold'
(Font)                  OMX/cmex/m/n --> OMX/lmex/m/n on input line 29.
LaTeX Font Info:    Overwriting math alphabet `\mathbf' in version `normal'
(Font)                  OT1/cmr/bx/n --> OT1/lmr/bx/n on input line 31.
LaTeX Font Info:    Overwriting math alphabet `\mathsf' in version `normal'
(Font)                  OT1/cmss/m/n --> OT1/lmss/m/n on input line 32.
LaTeX Font Info:    Overwriting math alphabet `\mathit' in version `normal'
(Font)                  OT1/cmr/m/it --> OT1/lmr/m/it on input line 33.
LaTeX Font Info:    Overwriting math alphabet `\mathtt' in version `normal'
(Font)                  OT1/cmtt/m/n --> OT1/lmtt/m/n on input line 34.
LaTeX Font Info:    Overwriting math alphabet `\mathbf' in version `bold'
(Font)                  OT1/cmr/bx/n --> OT1/lmr/bx/n on input line 35.
LaTeX Font Info:    Overwriting math alphabet `\mathsf' in version `bold'
(Font)                  OT1/cmss/bx/n --> OT1/lmss/bx/n on input line 36.
LaTeX Font Info:    Overwriting math alphabet `\mathit' in version `bold'
(Font)                  OT1/cmr/bx/it --> OT1/lmr/bx/it on input line 37.
LaTeX Font Info:    Overwriting math alphabet `\mathtt' in version `bold'
(Font)                  OT1/cmtt/m/n --> OT1/lmtt/m/n on input line 38.
)
(/usr/share/texlive/texmf-dist/tex/latex/base/fontenc.sty
Package: fontenc 2005/09/27 v1.99g Standard LaTeX package

(/usr/share/texlive/texmf-dist/tex/latex/base/t1enc.def
File: t1enc.def 2005/09/27 v1.99g Standard LaTeX file
LaTeX Font Info:    Redeclaring font encoding T1 on input line 43.
))
\binding=\skip48
\spinemargin=\skip49
\foremargin=\skip50
\uppermargin=\skip51
\lowermargin=\skip52
\headdrop=\skip53
\normalrulethickness=\skip54
\mem@maxheadheight=\skip55
\mem@maxfootheight=\skip56
\headwidth=\skip57
\c@storedpagenumber=\count82
\memPD=\dimen102
\m@mabparskip=\skip58
\thanksmarkwidth=\skip59
\thanksmarksep=\skip60
\droptitle=\skip61
\c@book=\count83
\c@part=\count84
\c@chapter=\count85
\c@section=\count86
\c@subsection=\count87
\c@subsubsection=\count88
\c@paragraph=\count89
\c@subparagraph=\count90
\beforechapskip=\skip62
\midchapskip=\skip63
\afterchapskip=\skip64
\chapindent=\skip65
\bottomsectionskip=\skip66
\secindent=\skip67
\beforesecskip=\skip68
\aftersecskip=\skip69
\subsecindent=\skip70
\beforesubsecskip=\skip71
\aftersubsecskip=\skip72
\subsubsecindent=\skip73
\beforesubsubsecskip=\skip74
\aftersubsubsecskip=\skip75
\paraindent=\skip76
\beforeparaskip=\skip77
\afterparaskip=\skip78
\subparaindent=\skip79
\beforesubparaskip=\skip80
\aftersubparaskip=\skip81
\pfbreakskip=\skip82
\c@@ppsavesec=\count91
\c@@ppsaveapp=\count92
\ragrparindent=\dimen103
\everylistparindent=\dimen104
\parsepi=\skip83
\topsepi=\skip84
\itemsepi=\skip85
\parsepii=\skip86
\topsepii=\skip87
\topsepiii=\skip88
\itemsepii=\skip89
\itemsepiii=\skip90
\partopsepii=\skip91
\partopsepiii=\skip92
\m@msavetopsep=\skip93
\m@msavepartopsep=\skip94
\@enLab=\toks14
\abstitleskip=\skip95
\absleftindent=\skip96
\abs@leftindent=\dimen105
\absrightindent=\skip97
\absparindent=\skip98
\absparsep=\skip99
\c@vslineno=\count93
\c@poemline=\count94
\c@modulo@vs=\count95
\c@memfvsline=\count96
\vleftskip=\skip100
\vrightskip=\skip101
\stanzaskip=\skip102
\versewidth=\skip103
\vgap=\skip104
\vindent=\skip105
\vleftmargin=\dimen106
\c@verse=\count97
\c@chrsinstr=\count98
\beforepoemtitleskip=\skip106
\afterpoemtitleskip=\skip107
\c@poem=\count99
\beforePoemTitleskip=\skip108
\midPoemTitleskip=\skip109
\afterPoemTitleskip=\skip110
\col@sep=\dimen107
\extrarowheight=\dimen108
\NC@list=\toks15
\extratabsurround=\skip111
\backup@length=\skip112
\TX@col@width=\dimen109
\TX@old@table=\dimen110
\TX@old@col=\dimen111
\TX@target=\dimen112
\TX@delta=\dimen113
\TX@cols=\count100
\TX@ftn=\toks16
\heavyrulewidth=\dimen114
\lightrulewidth=\dimen115
\cmidrulewidth=\dimen116
\belowrulesep=\dimen117
\belowbottomsep=\dimen118
\aboverulesep=\dimen119
\abovetopsep=\dimen120
\cmidrulesep=\dimen121
\cmidrulekern=\dimen122
\defaultaddspace=\dimen123
\@cmidla=\count101
\@cmidlb=\count102
\@aboverulesep=\dimen124
\@belowrulesep=\dimen125
\@thisruleclass=\count103
\@lastruleclass=\count104
\@thisrulewidth=\dimen126
\ctableftskip=\skip113
\ctabrightskip=\skip114
\abovecolumnspenalty=\count105
\@linestogo=\count106
\@cellstogo=\count107
\@cellsincolumn=\count108
\crtok=\toks17
\@mincolumnwidth=\dimen127
\c@newflo@tctr=\count109
\mem@margin@floatbox=\box26
\@contcwidth=\skip115
\@contindw=\skip116
\abovecaptionskip=\skip117
\belowcaptionskip=\skip118
\subfloattopskip=\skip119
\subfloatcapskip=\skip120
\subfloatcaptopadj=\skip121
\subfloatbottomskip=\skip122
\subfloatlabelskip=\skip123
\subfloatcapmargin=\dimen128
\c@@contsubnum=\count110
\m@mscap@capbox=\box27
\m@mscap@fbox=\box28
\sidecapsep=\dimen129
\sidecapwidth=\dimen130
\m@m@tempdima=\dimen131
\m@mscapraise=\dimen132
\sidecapraise=\dimen133
\m@mscapmainwidth=\dimen134
\m@mscaplkern=\dimen135
\beforeepigraphskip=\skip124
\afterepigraphskip=\skip125
\epigraphwidth=\skip126
\epigraphrule=\skip127
LaTeX Info: Redefining \em on input line 7492.
LaTeX Info: Redefining \emph on input line 7500.
\tocentryskip=\skip128
\tocbaseline=\skip129
\cftparskip=\skip130
\cftbeforebookskip=\skip131
\cftbookindent=\dimen136
\cftbooknumwidth=\dimen137
\cftbeforepartskip=\skip132
\cftpartindent=\skip133
\cftpartnumwidth=\skip134
\cftbeforechapterskip=\skip135
\cftchapterindent=\skip136
\cftchapternumwidth=\skip137
\cftbeforesectionskip=\skip138
\cftsectionindent=\skip139
\cftsectionnumwidth=\skip140
\cftbeforesubsectionskip=\skip141
\cftsubsectionindent=\skip142
\cftsubsectionnumwidth=\skip143
\cftbeforesubsubsectionskip=\skip144
\cftsubsubsectionindent=\skip145
\cftsubsubsectionnumwidth=\skip146
\cftbeforeparagraphskip=\skip147
\cftparagraphindent=\skip148
\cftparagraphnumwidth=\skip149
\cftbeforesubparagraphskip=\skip150
\cftsubparagraphindent=\skip151
\cftsubparagraphnumwidth=\skip152
\prechapterprecisshift=\dimen138
\c@maxsecnumdepth=\count111
\bibindent=\dimen139
\bibitemsep=\skip153
\indexcolsep=\skip154
\indexrule=\skip155
\indexmarkstyle=\toks18
\@indexbox=\insert233
\glossarycolsep=\dimen140
\glossaryrule=\dimen141
\sideparvshift=\skip156
\sideins=\insert232
\sidebartopsep=\skip157
\sidebarhsep=\skip158
\sidebarvsep=\skip159
\sidebarwidth=\skip160
\footmarkwidth=\skip161
\footmarksep=\skip162
\footparindent=\skip163
\footinsdim=\skip164
\footinsv@r=\insert231
\@mpfootinsv@r=\insert230
\m@m@k=\count112
\m@m@h=\dimen142
\m@mipn@skip=\skip165
\sidefootins=\insert229
\sidefootadjust=\skip166
\sidefootheight=\skip167
\sidefoothsep=\skip168
\sidefootvsep=\skip169
\sidefootwidth=\skip170
\m@mdownsf=\skip171
\c@sidefootnote=\count113
\sidefootmarkwidth=\skip172
\sidefootmarksep=\skip173
\sidefootparindent=\skip174
\c@pagenote=\count114
\c@pagenoteshadow=\count115
\mem@pn@lastkern=\skip175
\every@verbatim=\toks19
\afterevery@verbatim=\toks20
\verbatim@line=\toks21
\tab@position=\count116
\verbatim@in@stream=\read1
\verbatimindent=\skip176
\verbatim@out=\write3
\bvboxsep=\skip177
\c@memfbvline=\count117
\c@bvlinectr=\count118
\bvnumlength=\skip178
\fb@frw=\dimen143
\fb@frh=\dimen144
\FrameRule=\dimen145
\FrameSep=\dimen146
\c@cp@cntr=\count119
LaTeX Info: Redefining \: on input line 11958.
LaTeX Info: Redefining \! on input line 11960.
\c@ism@mctr=\count120
\c@xsm@mctr=\count121
\c@csm@mctr=\count122
\c@ksm@mctr=\count123
\c@xksm@mctr=\count124
\c@cksm@mctr=\count125
\c@msm@mctr=\count126
\c@xmsm@mctr=\count127
\c@cmsm@mctr=\count128
\c@bsm@mctr=\count129
\c@workm@mctr=\count130
\c@sheetsequence=\count131
\c@lastsheet=\count132
\c@lastpage=\count133
\c@figure=\count134
\c@lofdepth=\count135
\cftbeforefigureskip=\skip179
\cftfigureindent=\skip180
\cftfigurenumwidth=\skip181
\c@table=\count136
\c@lotdepth=\count137
\cftbeforetableskip=\skip182
\cfttableindent=\skip183
\cfttablenumwidth=\skip184
Package abstract [2008/07/23] emulated by memoir.
Package appendix [2008/07/23] emulated by memoir.
Package array [2008/09/09] emulated by memoir.
Package booktabs [2008/07/23] emulated by memoir.
Package ccaption [2008/07/23] emulated by memoir.
Package changepage [2008/07/23] emulated by memoir.
Package chngcntr [2008/07/23] emulated by memoir.
Package chngpage [2008/07/23] emulated by memoir.
Package crop emulated by memoir.
Package dcolumn [2008/07/23] emulated by memoir.
Package delarray [2008/07/23] emulated by memoir.
Package enumerate [2008/07/23] emulated by memoir.
Package epigraph [2008/07/23] emulated by memoir.
Package ifmtarg [2008/07/23] emulated by memoir.
Package ifetex [2008/07/23] emulated by memoir.
Package index [2008/07/23] emulated by memoir.
Package makeidx [2008/07/23] emulated by memoir.
Package moreverb [2008/07/23] emulated by memoir.
Package mparhack [2008/07/23] emulated by memoir.
Package needspace [2008/07/23] emulated by memoir.
Package newfile [2008/07/23] emulated by memoir.
Package nextpage [2008/07/23] emulated by memoir.
Package pagenote [2008/07/23] emulated by memoir.
Package parskip [2008/07/23] emulated by memoir.
Package patchcmd [2008/07/23] emulated by memoir.
Package setspace [2008/07/23] emulated by memoir.
Package shortvrb [2008/07/23] emulated by memoir.
Package showidx [2008/07/23] emulated by memoir.
Package tabularx [2008/07/23] emulated by memoir.
Package titleref [2008/07/23] emulated by memoir.
Package titling [2008/07/23] emulated by memoir.
Package tocbibind [2008/07/23] emulated by memoir.
Package tocloft [2008/07/23] emulated by memoir.
Package tocvsec2 [2008/07/23] emulated by memoir.
Package verbatim [2008/07/23] emulated by memoir.
Package verse [2008/07/23] emulated by memoir.

(/usr/share/texlive/texmf-dist/tex/latex/memoir/mempatch.sty
Package: mempatch 2009/07/24 v6.0f Patches for memoir class v1.6180339
))
(/usr/share/texlive/texmf-dist/tex/latex/base/ifthen.sty
Package: ifthen 2001/05/26 v1.1c Standard LaTeX ifthen package (DPC)
)
(/usr/share/texlive/texmf-dist/tex/latex/base/latexsym.sty
Package: latexsym 1998/08/17 v2.2e Standard LaTeX package (lasy symbols)
\symlasy=\mathgroup4
LaTeX Font Info:    Overwriting symbol font `lasy' in version `bold'
(Font)                  U/lasy/m/n --> U/lasy/b/n on input line 47.
)
(/usr/share/texlive/texmf-dist/tex/latex/amsfonts/amsfonts.sty
Package: amsfonts 2013/01/14 v3.01 Basic AMSFonts support
\@emptytoks=\toks22
\symAMSa=\mathgroup5
\symAMSb=\mathgroup6
LaTeX Font Info:    Overwriting math alphabet `\mathfrak' in version `bold'
(Font)                  U/euf/m/n --> U/euf/b/n on input line 106.
)
(/usr/share/texlive/texmf-dist/tex/latex/amsfonts/amssymb.sty
Package: amssymb 2013/01/14 v3.01 AMS font symbols
)
(/usr/share/texlive/texmf-dist/tex/latex/amscls/amsthm.sty
Package: amsthm 2004/08/06 v2.20
\thm@style=\toks23
\thm@bodyfont=\toks24
\thm@headfont=\toks25
\thm@notefont=\toks26
\thm@headpunct=\toks27
\thm@preskip=\skip185
\thm@postskip=\skip186
\thm@headsep=\skip187
\dth@everypar=\toks28
)
(/usr/share/texlive/texmf-dist/tex/latex/amsmath/amsmath.sty
Package: amsmath 2013/01/14 v2.14 AMS math features
\@mathmargin=\skip188

For additional information on amsmath, use the `?' option.
(/usr/share/texlive/texmf-dist/tex/latex/amsmath/amstext.sty
Package: amstext 2000/06/29 v2.01

(/usr/share/texlive/texmf-dist/tex/latex/amsmath/amsgen.sty
File: amsgen.sty 1999/11/30 v2.0
\@emptytoks=\toks29
\ex@=\dimen147
))
(/usr/share/texlive/texmf-dist/tex/latex/amsmath/amsbsy.sty
Package: amsbsy 1999/11/29 v1.2d
\pmbraise@=\dimen148
)
(/usr/share/texlive/texmf-dist/tex/latex/amsmath/amsopn.sty
Package: amsopn 1999/12/14 v2.01 operator names
)
\inf@bad=\count138
LaTeX Info: Redefining \frac on input line 210.
\uproot@=\count139
\leftroot@=\count140
LaTeX Info: Redefining \overline on input line 306.
\classnum@=\count141
\DOTSCASE@=\count142
LaTeX Info: Redefining \ldots on input line 378.
LaTeX Info: Redefining \dots on input line 381.
LaTeX Info: Redefining \cdots on input line 466.
\Mathstrutbox@=\box29
\strutbox@=\box30
\big@size=\dimen149
LaTeX Font Info:    Redeclaring font encoding OML on input line 566.
LaTeX Font Info:    Redeclaring font encoding OMS on input line 567.
\macc@depth=\count143
\c@MaxMatrixCols=\count144
\dotsspace@=\muskip10
\c@parentequation=\count145
\dspbrk@lvl=\count146
\tag@help=\toks30
\row@=\count147
\column@=\count148
\maxfields@=\count149
\andhelp@=\toks31
\eqnshift@=\dimen150
\alignsep@=\dimen151
\tagshift@=\dimen152
\tagwidth@=\dimen153
\totwidth@=\dimen154
\lineht@=\dimen155
\@envbody=\toks32
\multlinegap=\skip189
\multlinetaggap=\skip190
\mathdisplay@stack=\toks33
LaTeX Info: Redefining \[ on input line 2665.
LaTeX Info: Redefining \] on input line 2666.
)
(/usr/share/texlive/texmf-dist/tex/latex/threeparttable/threeparttable.sty
Package: threeparttable 2003/06/13  v 3.0
\@tempboxb=\box31
)
(/usr/share/texmf/tex/latex/xcolor/xcolor.sty
Package: xcolor 2007/01/21 v2.11 LaTeX color extensions (UK)

(/usr/share/texlive/texmf-dist/tex/latex/latexconfig/color.cfg
File: color.cfg 2007/01/18 v1.5 color configuration of teTeX/TeXLive
)
Package xcolor Info: Package option `usenames' ignored on input line 216.
Package xcolor Info: Driver file: pdftex.def on input line 225.

(/usr/share/texlive/texmf-dist/tex/latex/pdftex-def/pdftex.def
File: pdftex.def 2011/05/27 v0.06d Graphics/color for pdfTeX

(/usr/share/texlive/texmf-dist/tex/generic/oberdiek/infwarerr.sty
Package: infwarerr 2010/04/08 v1.3 Providing info/warning/error messages (HO)
)
(/usr/share/texlive/texmf-dist/tex/generic/oberdiek/ltxcmds.sty
Package: ltxcmds 2011/11/09 v1.22 LaTeX kernel commands for general use (HO)
)
\Gread@gobject=\count150
)
Package xcolor Info: Model `cmy' substituted by `cmy0' on input line 1337.
Package xcolor Info: Model `hsb' substituted by `rgb' on input line 1341.
Package xcolor Info: Model `RGB' extended on input line 1353.
Package xcolor Info: Model `HTML' substituted by `rgb' on input line 1355.
Package xcolor Info: Model `Hsb' substituted by `hsb' on input line 1356.
Package xcolor Info: Model `tHsb' substituted by `hsb' on input line 1357.
Package xcolor Info: Model `HSB' substituted by `hsb' on input line 1358.
Package xcolor Info: Model `Gray' substituted by `gray' on input line 1359.
Package xcolor Info: Model `wave' substituted by `hsb' on input line 1360.

(/usr/share/texlive/texmf-dist/tex/latex/graphics/dvipsnam.def
File: dvipsnam.def 1999/02/16 v3.0i Driver-dependant file (DPC,SPQR)
)
(/usr/share/texmf/tex/latex/xcolor/svgnam.def
File: svgnam.def 2007/01/21 v2.11 Predefined colors according to SVG 1.1 (UK)
))
(/usr/share/texlive/texmf-dist/tex/latex/xpatch/xpatch.sty
(/usr/share/texlive/texmf-dist/tex/latex/l3kernel/expl3.sty
(/usr/share/texlive/texmf-dist/tex/latex/l3kernel/l3names.sty
(/usr/share/texlive/texmf-dist/tex/latex/l3kernel/l3bootstrap.sty
Package: l3bootstrap 2014/01/04 v4640 L3 Experimental bootstrap code
)
Package: l3names 2014/01/04 v4640 L3 Namespace for primitives
)
Package: expl3 2014/01/07 v4646 L3 Experimental code bundle wrapper

(/usr/share/texlive/texmf-dist/tex/latex/l3kernel/l3basics.sty
Package: l3basics 2014/01/04 v4642 L3 Basic definitions
)
(/usr/share/texlive/texmf-dist/tex/latex/l3kernel/l3expan.sty
Package: l3expan 2014/01/04 v4642 L3 Argument expansion
)
(/usr/share/texlive/texmf-dist/tex/latex/l3kernel/l3tl.sty
Package: l3tl 2013/12/27 v4625 L3 Token lists
)
(/usr/share/texlive/texmf-dist/tex/latex/l3kernel/l3seq.sty
Package: l3seq 2013/12/14 v4623 L3 Sequences and stacks
)
(/usr/share/texlive/texmf-dist/tex/latex/l3kernel/l3int.sty
Package: l3int 2013/08/02 v4583 L3 Integers
\c_max_int=\count151
\l_tmpa_int=\count152
\l_tmpb_int=\count153
\g_tmpa_int=\count154
\g_tmpb_int=\count155
)
(/usr/share/texlive/texmf-dist/tex/latex/l3kernel/l3quark.sty
Package: l3quark 2013/12/14 v4623 L3 Quarks
)
(/usr/share/texlive/texmf-dist/tex/latex/l3kernel/l3prg.sty
Package: l3prg 2014/01/04 v4642 L3 Control structures
\g__prg_map_int=\count156
)
(/usr/share/texlive/texmf-dist/tex/latex/l3kernel/l3clist.sty
Package: l3clist 2013/07/28 v4581 L3 Comma separated lists
)
(/usr/share/texlive/texmf-dist/tex/latex/l3kernel/l3token.sty
Package: l3token 2013/08/25 v4587 L3 Experimental token manipulation
)
(/usr/share/texlive/texmf-dist/tex/latex/l3kernel/l3prop.sty
Package: l3prop 2013/12/14 v4623 L3 Property lists
)
(/usr/share/texlive/texmf-dist/tex/latex/l3kernel/l3msg.sty
Package: l3msg 2013/07/28 v4581 L3 Messages
)
(/usr/share/texlive/texmf-dist/tex/latex/l3kernel/l3file.sty
Package: l3file 2013/10/13 v4596 L3 File and I/O operations
\l_iow_line_count_int=\count157
\l__iow_target_count_int=\count158
\l__iow_current_line_int=\count159
\l__iow_current_word_int=\count160
\l__iow_current_indentation_int=\count161
)
(/usr/share/texlive/texmf-dist/tex/latex/l3kernel/l3skip.sty
Package: l3skip 2013/07/28 v4581 L3 Dimensions and skips
\c_zero_dim=\dimen156
\c_max_dim=\dimen157
\l_tmpa_dim=\dimen158
\l_tmpb_dim=\dimen159
\g_tmpa_dim=\dimen160
\g_tmpb_dim=\dimen161
\c_zero_skip=\skip191
\c_max_skip=\skip192
\l_tmpa_skip=\skip193
\l_tmpb_skip=\skip194
\g_tmpa_skip=\skip195
\g_tmpb_skip=\skip196
\c_zero_muskip=\muskip11
\c_max_muskip=\muskip12
\l_tmpa_muskip=\muskip13
\l_tmpb_muskip=\muskip14
\g_tmpa_muskip=\muskip15
\g_tmpb_muskip=\muskip16
)
(/usr/share/texlive/texmf-dist/tex/latex/l3kernel/l3keys.sty
Package: l3keys 2013/12/08 v4614 L3 Experimental key-value interfaces
\g__keyval_level_int=\count162
\l_keys_choice_int=\count163
)
(/usr/share/texlive/texmf-dist/tex/latex/l3kernel/l3fp.sty
Package: l3fp 2014/01/04 v4642 L3 Floating points
\c__fp_leading_shift_int=\count164
\c__fp_middle_shift_int=\count165
\c__fp_trailing_shift_int=\count166
\c__fp_big_leading_shift_int=\count167
\c__fp_big_middle_shift_int=\count168
\c__fp_big_trailing_shift_int=\count169
\c__fp_Bigg_leading_shift_int=\count170
\c__fp_Bigg_middle_shift_int=\count171
\c__fp_Bigg_trailing_shift_int=\count172
)
(/usr/share/texlive/texmf-dist/tex/latex/l3kernel/l3box.sty
Package: l3box 2013/07/28 v4581 L3 Experimental boxes
\c_empty_box=\box32
\l_tmpa_box=\box33
\l_tmpb_box=\box34
\g_tmpa_box=\box35
\g_tmpb_box=\box36
)
(/usr/share/texlive/texmf-dist/tex/latex/l3kernel/l3coffins.sty
Package: l3coffins 2013/12/14 v4624 L3 Coffin code layer
\l__coffin_internal_box=\box37
\l__coffin_internal_dim=\dimen162
\l__coffin_offset_x_dim=\dimen163
\l__coffin_offset_y_dim=\dimen164
\l__coffin_x_dim=\dimen165
\l__coffin_y_dim=\dimen166
\l__coffin_x_prime_dim=\dimen167
\l__coffin_y_prime_dim=\dimen168
\c_empty_coffin=\box38
\l__coffin_aligned_coffin=\box39
\l__coffin_aligned_internal_coffin=\box40
\l_tmpa_coffin=\box41
\l_tmpb_coffin=\box42
\l__coffin_display_coffin=\box43
\l__coffin_display_coord_coffin=\box44
\l__coffin_display_pole_coffin=\box45
\l__coffin_display_offset_dim=\dimen169
\l__coffin_display_x_dim=\dimen170
\l__coffin_display_y_dim=\dimen171
)
(/usr/share/texlive/texmf-dist/tex/latex/l3kernel/l3color.sty
Package: l3color 2012/08/29 v4156 L3 Experimental color support
)
(/usr/share/texlive/texmf-dist/tex/latex/l3kernel/l3luatex.sty
Package: l3luatex 2013/07/28 v4581 L3 Experimental LuaTeX-specific functions
\g__cctab_allocate_int=\count173
\g__cctab_stack_int=\count174
)
(/usr/share/texlive/texmf-dist/tex/latex/l3kernel/l3candidates.sty
Package: l3candidates 2014/01/06 v4643 L3 Experimental additions to l3kernel
\l__box_top_dim=\dimen172
\l__box_bottom_dim=\dimen173
\l__box_left_dim=\dimen174
\l__box_right_dim=\dimen175
\l__box_top_new_dim=\dimen176
\l__box_bottom_new_dim=\dimen177
\l__box_left_new_dim=\dimen178
\l__box_right_new_dim=\dimen179
\l__box_internal_box=\box46
\l__coffin_bounding_shift_dim=\dimen180
\l__coffin_left_corner_dim=\dimen181
\l__coffin_right_corner_dim=\dimen182
\l__coffin_bottom_corner_dim=\dimen183
\l__coffin_top_corner_dim=\dimen184
\l__coffin_scaled_total_height_dim=\dimen185
\l__coffin_scaled_width_dim=\dimen186
))
Package: xpatch 2012/10/02 v0.3 Extending etoolbox patching commands

(/usr/share/texlive/texmf-dist/tex/latex/l3packages/xparse/xparse.sty
Package: xparse 2013/12/31 v4634 L3 Experimental document command parser
\l__xparse_current_arg_int=\count175
\l__xparse_m_args_int=\count176
\l__xparse_mandatory_args_int=\count177
\l__xparse_processor_int=\count178
\l__xparse_v_nesting_int=\count179
)
(/usr/share/texlive/texmf-dist/tex/latex/etoolbox/etoolbox.sty
Package: etoolbox 2011/01/03 v2.1 e-TeX tools for LaTeX
\etb@tempcnta=\count180
)
.................................................
. LaTeX info: "xparse/define-command"
. 
. Defining document command \xpatchcmd with arg. spec. '' on line 125.
.................................................
.................................................
. LaTeX info: "xparse/define-command"
. 
. Defining document command \xpretocmd with arg. spec. '' on line 126.
.................................................
.................................................
. LaTeX info: "xparse/define-command"
. 
. Defining document command \xapptocmd with arg. spec. '' on line 127.
.................................................
.................................................
. LaTeX info: "xparse/define-command"
. 
. Defining document command \xshowcmd with arg. spec. '' on line 128.
.................................................
.................................................
. LaTeX info: "xparse/define-command"
. 
. Defining document command \xpatchbibmacro with arg. spec. 'm' on line 131.
.................................................
.................................................
. LaTeX info: "xparse/define-command"
. 
. Defining document command \xpretobibmacro with arg. spec. 'm' on line 133.
.................................................
.................................................
. LaTeX info: "xparse/define-command"
. 
. Defining document command \xapptobibmacro with arg. spec. 'm' on line 135.
.................................................
.................................................
. LaTeX info: "xparse/define-command"
. 
. Defining document command \xshowbibmacro with arg. spec. 'm' on line 137.
.................................................
.................................................
. LaTeX info: "xparse/define-command"
. 
. Defining document command \xpatchfieldformat with arg. spec. 'O{*}m' on line
. 139.
.................................................
.................................................
. LaTeX info: "xparse/define-command"
. 
. Defining document command \xpretofieldformat with arg. spec. 'O{*}m' on line
. 141.
.................................................
.................................................
. LaTeX info: "xparse/define-command"
. 
. Defining document command \xapptofieldformat with arg. spec. 'O{*}m' on line
. 143.
.................................................
.................................................
. LaTeX info: "xparse/define-command"
. 
. Defining document command \xshowfieldformat with arg. spec. 'O{*}m' on line
. 145.
.................................................
.................................................
. LaTeX info: "xparse/define-command"
. 
. Defining document command \xpatchnameformat with arg. spec. 'O{*}m' on line
. 147.
.................................................
.................................................
. LaTeX info: "xparse/define-command"
. 
. Defining document command \xpretonameformat with arg. spec. 'O{*}m' on line
. 149.
.................................................
.................................................
. LaTeX info: "xparse/define-command"
. 
. Defining document command \xapptonameformat with arg. spec. 'O{*}m' on line
. 151.
.................................................
.................................................
. LaTeX info: "xparse/define-command"
. 
. Defining document command \xshownameformat with arg. spec. 'O{*}m' on line
. 153.
.................................................
.................................................
. LaTeX info: "xparse/define-command"
. 
. Defining document command \xpatchlistformat with arg. spec. 'O{*}m' on line
. 155.
.................................................
.................................................
. LaTeX info: "xparse/define-command"
. 
. Defining document command \xpretolistformat with arg. spec. 'O{*}m' on line
. 157.
.................................................
.................................................
. LaTeX info: "xparse/define-command"
. 
. Defining document command \xapptolistformat with arg. spec. 'O{*}m' on line
. 159.
.................................................
.................................................
. LaTeX info: "xparse/define-command"
. 
. Defining document command \xshowlistformat with arg. spec. 'O{*}m' on line
. 161.
.................................................
.................................................
. LaTeX info: "xparse/define-command"
. 
. Defining document command \xpatchindexfieldformat with arg. spec. 'O{*}m' on
. line 163.
.................................................
.................................................
. LaTeX info: "xparse/define-command"
. 
. Defining document command \xpretoindexfieldformat with arg. spec. 'O{*}m' on
. line 165.
.................................................
.................................................
. LaTeX info: "xparse/define-command"
. 
. Defining document command \xapptoindexfieldformat with arg. spec. 'O{*}m' on
. line 167.
.................................................
.................................................
. LaTeX info: "xparse/define-command"
. 
. Defining document command \xshowindexfieldformat with arg. spec. 'O{*}m' on
. line 169.
.................................................
.................................................
. LaTeX info: "xparse/define-command"
. 
. Defining document command \xpatchindexnameformat with arg. spec. 'O{*}m' on
. line 171.
.................................................
.................................................
. LaTeX info: "xparse/define-command"
. 
. Defining document command \xpretoindexnameformat with arg. spec. 'O{*}m' on
. line 173.
.................................................
.................................................
. LaTeX info: "xparse/define-command"
. 
. Defining document command \xapptoindexnameformat with arg. spec. 'O{*}m' on
. line 175.
.................................................
.................................................
. LaTeX info: "xparse/define-command"
. 
. Defining document command \xshowindexnameformat with arg. spec. 'O{*}m' on
. line 177.
.................................................
.................................................
. LaTeX info: "xparse/define-command"
. 
. Defining document command \xpatchindexlistformat with arg. spec. 'O{*}m' on
. line 179.
.................................................
.................................................
. LaTeX info: "xparse/define-command"
. 
. Defining document command \xpretoindexlistformat with arg. spec. 'O{*}m' on
. line 181.
.................................................
.................................................
. LaTeX info: "xparse/define-command"
. 
. Defining document command \xappindextolistformat with arg. spec. 'O{*}m' on
. line 183.
.................................................
.................................................
. LaTeX info: "xparse/define-command"
. 
. Defining document command \xshowindexlistformat with arg. spec. 'O{*}m' on
. line 185.
.................................................
.................................................
. LaTeX info: "xparse/define-command"
. 
. Defining document command \xpatchbibdriver with arg. spec. 'm' on line 187.
.................................................
.................................................
. LaTeX info: "xparse/define-command"
. 
. Defining document command \xpretobibdriver with arg. spec. 'm' on line 189.
.................................................
.................................................
. LaTeX info: "xparse/define-command"
. 
. Defining document command \xapptobibdriver with arg. spec. 'm' on line 191.
.................................................
.................................................
. LaTeX info: "xparse/define-command"
. 
. Defining document command \xshowbibdriver with arg. spec. 'm' on line 193.
.................................................
)

******************************************************
Stock height and width: 794.96999pt by 614.295pt
Top and edge trims: 0pt and 0pt
Page height and width: 794.96999pt by 614.295pt
Text height and width: 650pt by 433pt
Spine and edge margins: 90.3375pt and 90.3375pt
Upper and lower margins: 72.26999pt and 72.7pt
Headheight and headsep: 15pt and 0.0001pt
Footskip: 36.135pt
Columnsep and columnseprule: 10pt and 0pt
Marginparsep and marginparwidth: 7pt and 76.3375pt
Sidecapsep and sidecapwidth: 7pt and 50pt
Sidebarhsep and sidebarwidth: 7pt and 50pt
Sidebarvsep and sidebartopsep: 14.5pt and 0pt
Sidebarheight: 546.64995pt
Sidefoothsep and sidefootwidth: 7pt and 50pt
Sidefootvsep and sidefootheight: 14.5pt and 546.64995pt
******************************************************

\c@ToCpage=\count181
\c@th@storepage=\count182
.................................................
. LaTeX info: "xparse/define-command"
. 
. Defining document command \ugrad with arg. spec. 'o m' on line 1059.
.................................................
.................................................
. LaTeX info: "xparse/define-command"
. 
. Defining document command \dean with arg. spec. 'o m m' on line 1075.
.................................................
.................................................
. LaTeX info: "xparse/define-command"
. 
. Defining document command \advisor with arg. spec. 'o m m m' on line 1091.
.................................................
.................................................
. LaTeX info: "xparse/define-command"
. 
. Defining document command \readera with arg. spec. 'o m m m' on line 1108.
.................................................
.................................................
. LaTeX info: "xparse/define-command"
. 
. Defining document command \readerb with arg. spec. 'o m m m' on line 1125.
.................................................
.................................................
. LaTeX info: "xparse/define-command"
. 
. Defining document command \readerc with arg. spec. 'o m m m' on line 1143.
.................................................
.................................................
. LaTeX info: "xparse/define-command"
. 
. Defining document command \readerd with arg. spec. 'o m m m' on line 1160.
.................................................
.................................................
. LaTeX info: "xparse/define-command"
. 
. Defining document command \reader with arg. spec. 'o m m' on line 1174.
.................................................
) (/usr/share/texlive/texmf-dist/tex/latex/graphics/graphics.sty
Package: graphics 2009/02/05 v1.0o Standard LaTeX Graphics (DPC,SPQR)

(/usr/share/texlive/texmf-dist/tex/latex/graphics/trig.sty
Package: trig 1999/03/16 v1.09 sin cos tan (DPC)
)
(/usr/share/texlive/texmf-dist/tex/latex/latexconfig/graphics.cfg
File: graphics.cfg 2010/04/23 v1.9 graphics configuration of TeX Live
)
Package graphics Info: Driver file: pdftex.def on input line 91.
)
(/usr/share/texlive/texmf-dist/tex/latex/graphics/graphicx.sty
Package: graphicx 1999/02/16 v1.0f Enhanced LaTeX Graphics (DPC,SPQR)

(/usr/share/texlive/texmf-dist/tex/latex/graphics/keyval.sty
Package: keyval 1999/03/16 v1.13 key=value parser (DPC)
\KV@toks@=\toks34
)
\Gin@req@height=\dimen187
\Gin@req@width=\dimen188
)
(/usr/share/texlive/texmf-dist/tex/latex/graphics/epsfig.sty
Package: epsfig 1999/02/16 v1.7a (e)psfig emulation (SPQR)
\epsfxsize=\dimen189
\epsfysize=\dimen190
)
(/usr/share/texlive/texmf-dist/tex/latex/psnfss/times.sty
Package: times 2005/04/12 PSNFSS-v9.2a (SPQR) 
)
(/usr/share/texlive/texmf-dist/tex/latex/subfig/subfig.sty
Package: subfig 2005/06/28 ver: 1.3 subfig package


Class memoir Warning: You are using the caption package with the memoir class. 
To prepare we will now reset all captioning macros and configurations to kernel
 defaults, and then let the caption package take over. Please remember to use t
he caption package interfaces in order to configure your captions. .

(/usr/share/texlive/texmf-dist/tex/latex/caption/caption.sty
Package: caption 2013/05/02 v3.3-89 Customizing captions (AR)

(/usr/share/texlive/texmf-dist/tex/latex/caption/caption3.sty
Package: caption3 2013/05/02 v1.6-88 caption3 kernel (AR)
Package caption3 Info: TeX engine: e-TeX on input line 57.
\captionmargin=\dimen191
\captionmargin@=\dimen192
\captionwidth=\dimen193
\caption@tempdima=\dimen194
\caption@indent=\dimen195
\caption@parindent=\dimen196
Normal \dimen register pool exhausted, switching to extended pool.
\caption@hangindent=\dimen256
)
\c@ContinuedFloat=\count183
Package caption Info: threeparttable package is loaded.
)
\c@KVtest=\count184
Normal \skip register pool exhausted, switching to extended pool.
\sf@farskip=\skip256
\sf@captopadj=\dimen257
\sf@capskip=\skip257
\sf@nearskip=\skip258
\c@subfigure=\count185
\c@subfigure@save=\count186
\c@subtable=\count187
\c@subtable@save=\count188
\sf@top=\skip259
\sf@bottom=\skip260
)
(/usr/share/texlive/texmf-dist/tex/latex/url/url.sty
\Urlmuskip=\muskip17
Package: url 2013/09/16  ver 3.4  Verb mode for urls, etc.
)
(/usr/share/texlive/texmf-dist/tex/latex/hyphenat/hyphenat.sty
Package: hyphenat 2009/09/02 v2.3c hyphenation utilities
\langwohyphens=\language5
LaTeX Info: Redefining \_ on input line 43.
)
(/usr/share/texlive/texmf-dist/tex/latex/pdfpages/pdfpages.sty
Package: pdfpages 2013/08/25 v0.4v Insert pages of external PDF documents (AM)

(/usr/share/texlive/texmf-dist/tex/latex/tools/calc.sty
Package: calc 2007/08/22 v4.3 Infix arithmetic (KKT,FJ)
\calc@Acount=\count189
\calc@Bcount=\count190
\calc@Adimen=\dimen258
\calc@Bdimen=\dimen259
\calc@Askip=\skip261
\calc@Bskip=\skip262
LaTeX Info: Redefining \setlength on input line 76.
LaTeX Info: Redefining \addtolength on input line 77.
\calc@Ccount=\count191
\calc@Cskip=\skip263
)
(/usr/share/texlive/texmf-dist/tex/latex/eso-pic/eso-pic.sty
Package: eso-pic 2013/10/06 v2.0d eso-pic (RN)

(/usr/share/texlive/texmf-dist/tex/generic/oberdiek/atbegshi.sty
Package: atbegshi 2011/10/05 v1.16 At begin shipout hook (HO)
))
(/usr/share/texlive/texmf-dist/tex/latex/pdfpages/pppdftex.def
File: pppdftex.def 2013/08/25 v0.4v Pdfpages driver for pdfTeX (AM)
)
\AM@pagebox=\box47
\AM@toc@title=\toks35
\c@AM@survey=\count192
\AM@templatesizebox=\box48
)
(/usr/share/texlive/texmf-dist/tex/latex/titlesec/titlesec.sty
Package: titlesec 2011/12/15 v2.10.0 Sectioning titles
\ttl@box=\box49
\beforetitleunit=\skip264
\aftertitleunit=\skip265
\ttl@plus=\dimen260
\ttl@minus=\dimen261
\ttl@toksa=\toks36
\titlewidth=\dimen262
\titlewidthlast=\dimen263
\titlewidthfirst=\dimen264
)
(/usr/share/texlive/texmf-dist/tex/latex/apptools/apptools.sty
Package: apptools 2012/11/28 v1.0 Tools for customizing appendices
)
(/usr/share/texlive/texmf-dist/tex/latex/biblatex/biblatex.sty
Package: biblatex 2013/11/25 v2.8a programmable bibliographies (PK/JW/AB)


Package biblatex Warning: No "backend" specified, using Biber backend.
(biblatex)                To use BibTeX, load biblatex with 
(biblatex)                the "backend=bibtex" option.

(/usr/share/texlive/texmf-dist/tex/latex/biblatex/biblatex2.sty
Package: biblatex2 2013/11/25 v2.8a programmable bibliographies (biber) (PK/JW/
AB)

(/usr/share/texlive/texmf-dist/tex/latex/oberdiek/kvoptions.sty
Package: kvoptions 2011/06/30 v3.11 Key value format for package options (HO)

(/usr/share/texlive/texmf-dist/tex/generic/oberdiek/kvsetkeys.sty
Package: kvsetkeys 2012/04/25 v1.16 Key value parser (HO)

(/usr/share/texlive/texmf-dist/tex/generic/oberdiek/etexcmds.sty
Package: etexcmds 2011/02/16 v1.5 Avoid name clashes with e-TeX commands (HO)
Package etexcmds Info: Could not find \expanded.
(etexcmds)             That can mean that you are not using pdfTeX 1.50 or
(etexcmds)             that some package has redefined \expanded.
(etexcmds)             In the latter case, load this package earlier.
)))
(/usr/share/texlive/texmf-dist/tex/latex/logreq/logreq.sty
Package: logreq 2010/08/04 v1.0 xml request logger
\lrq@indent=\count193

(/usr/share/texlive/texmf-dist/tex/latex/logreq/logreq.def
File: logreq.def 2010/08/04 v1.0 logreq spec v1.0
))
\c@tabx@nest=\count194
\c@listtotal=\count195
\c@listcount=\count196
Normal \count register pool exhausted, switching to extended pool.
\c@liststart=\count277
\c@liststop=\count278
\c@citecount=\count279
\c@citetotal=\count280
\c@multicitecount=\count281
\c@multicitetotal=\count282
\c@instcount=\count283
\c@maxnames=\count284
\c@minnames=\count285
\c@maxitems=\count286
\c@minitems=\count287
\c@citecounter=\count288
\c@savedcitecounter=\count289
\c@uniquelist=\count290
\c@uniquename=\count291
\c@refsection=\count292
\c@refsegment=\count293
\c@maxextratitle=\count294
\c@maxextratitleyear=\count295
\c@maxextrayear=\count296
\c@maxextraalpha=\count297
\c@abbrvpenalty=\count298
\c@highnamepenalty=\count299
\c@lownamepenalty=\count300
\c@maxparens=\count301
\c@parenlevel=\count302
\blx@tempcnta=\count303
\blx@tempcntb=\count304
\blx@tempcntc=\count305
\blx@maxsection=\count306
\blx@maxsegment@0=\count307
\blx@notetype=\count308
\blx@parenlevel@text=\count309
\blx@parenlevel@foot=\count310
\blx@sectionciteorder@0=\count311
\labelnumberwidth=\skip266
\labelalphawidth=\skip267
\shorthandwidth=\skip268
\biblabelsep=\skip269
\bibnamesep=\skip270
\bibinitsep=\skip271
\bibparsep=\skip272
\bibhang=\skip273
\blx@bcfin=\read2
\blx@bcfout=\write4
\c@mincomprange=\count312
\c@maxcomprange=\count313
\c@mincompwidth=\count314
Package biblatex Info: Trying to load biblatex default data model...
Package biblatex Info: ... file 'blx-dm.def' found.

(/usr/share/texlive/texmf-dist/tex/latex/biblatex/blx-dm.def)
Package biblatex Info: Trying to load biblatex style data model...
Package biblatex Info: ... file 'uscnumeric.dbx' not found.
Package biblatex Info: Trying to load biblatex custom data model...
Package biblatex Info: ... file 'biblatex-dm.cfg' not found.
\c@afterword=\count315
\c@savedafterword=\count316
\c@annotator=\count317
\c@savedannotator=\count318
\c@author=\count319
\c@savedauthor=\count320
\c@bookauthor=\count321
\c@savedbookauthor=\count322
\c@commentator=\count323
\c@savedcommentator=\count324
\c@editor=\count325
\c@savededitor=\count326
\c@editora=\count327
\c@savededitora=\count328
\c@editorb=\count329
\c@savededitorb=\count330
\c@editorc=\count331
\c@savededitorc=\count332
\c@foreword=\count333
\c@savedforeword=\count334
\c@holder=\count335
\c@savedholder=\count336
\c@introduction=\count337
\c@savedintroduction=\count338
\c@namea=\count339
\c@savednamea=\count340
\c@nameb=\count341
\c@savednameb=\count342
\c@namec=\count343
\c@savednamec=\count344
\c@shortauthor=\count345
\c@savedshortauthor=\count346
\c@shorteditor=\count347
\c@savedshorteditor=\count348
\c@translator=\count349
\c@savedtranslator=\count350
\c@labelname=\count351
\c@savedlabelname=\count352
\c@institution=\count353
\c@savedinstitution=\count354
\c@lista=\count355
\c@savedlista=\count356
\c@listb=\count357
\c@savedlistb=\count358
\c@listc=\count359
\c@savedlistc=\count360
\c@listd=\count361
\c@savedlistd=\count362
\c@liste=\count363
\c@savedliste=\count364
\c@listf=\count365
\c@savedlistf=\count366
\c@location=\count367
\c@savedlocation=\count368
\c@organization=\count369
\c@savedorganization=\count370
\c@origlocation=\count371
\c@savedoriglocation=\count372
\c@origpublisher=\count373
\c@savedorigpublisher=\count374
\c@publisher=\count375
\c@savedpublisher=\count376
\c@language=\count377
\c@savedlanguage=\count378
\c@pageref=\count379
\c@savedpageref=\count380
Package biblatex Info: Trying to load compatibility code...
Package biblatex Info: ... file 'blx-compat.def' found.

(/usr/share/texlive/texmf-dist/tex/latex/biblatex/blx-compat.def
File: blx-compat.def 2013/11/25 v2.8a biblatex compatibility (PK/JW/AB)
)
Package biblatex Info: Trying to load generic definitions...
Package biblatex Info: ... file 'biblatex.def' found.

(/usr/share/texlive/texmf-dist/tex/latex/biblatex/biblatex.def
File: biblatex.def 
\c@textcitecount=\count381
\c@textcitetotal=\count382
\c@textcitemaxnames=\count383
\c@biburlnumpenalty=\count384
\c@biburlucpenalty=\count385
\c@biburllcpenalty=\count386
\c@smartand=\count387
)
Package biblatex Info: Trying to load bibliography style 'uscnumeric'...
Package biblatex Info: ... file 'uscnumeric.bbx' found.

(./uscnumeric.bbx
File: uscnumeric.bbx 2010/09/29 version 0.1 G. McNulty
Package biblatex Info: Trying to load bibliography style 'standard'...
Package biblatex Info: ... file 'standard.bbx' found.

(/usr/share/texlive/texmf-dist/tex/latex/biblatex/bbx/standard.bbx
File: standard.bbx 2013/11/25 v2.8a biblatex bibliography style (PK/JW/AB)
\c@bbx:relatedcount=\count388
\c@bbx:relatedtotal=\count389
))
Package biblatex Info: Trying to load citation style 'uscnumeric'...
Package biblatex Info: ... file 'uscnumeric.cbx' found.

(./uscnumeric.cbx
File: uscnumeric.cbx 2013/11/25 v2.8a biblatex citation style (PK/JW/AB)$Id: nu
meric.cbx,v 0.9b 2010/08/04 19:17:09 lehman beta $
Package biblatex Info: Redefining '\cite'.
Package biblatex Info: Redefining '\parencite'.
Package biblatex Info: Redefining '\footcite'.
Package biblatex Info: Redefining '\footcitetext'.
Package biblatex Info: Redefining '\textcite'.
Package biblatex Info: Redefining '\supercite'.
Package biblatex Info: Redefining '\cites'.
Package biblatex Info: Redefining '\parencites'.
)
Package biblatex Info: Trying to load configuration file...
Package biblatex Info: ... file 'biblatex.cfg' found.

(/usr/share/texlive/texmf-dist/tex/latex/biblatex/biblatex.cfg
File: biblatex.cfg 
)))
\c@thm=\count390
Package biblatex Info: Trying to load language 'english'...
Package biblatex Info: ... file 'english.lbx' found.

(/usr/share/texlive/texmf-dist/tex/latex/biblatex/lbx/english.lbx
File: english.lbx 2013/11/25 v2.8a biblatex localization (PK/JW/AB)
)
\@quotelevel=\count391
\@quotereset=\count392
 (./main.aux
(./Introduction.aux) (./CamCalib.aux) (./PC.aux) (./Recon.aux)
(./Conclusion.aux))
\openout1 = `main.aux'.

LaTeX Font Info:    Checking defaults for OML/cmm/m/it on input line 186.
LaTeX Font Info:    ... okay on input line 186.
LaTeX Font Info:    Checking defaults for T1/cmr/m/n on input line 186.
LaTeX Font Info:    ... okay on input line 186.
LaTeX Font Info:    Checking defaults for OT1/cmr/m/n on input line 186.
LaTeX Font Info:    ... okay on input line 186.
LaTeX Font Info:    Checking defaults for OMS/cmsy/m/n on input line 186.
LaTeX Font Info:    ... okay on input line 186.
LaTeX Font Info:    Checking defaults for OMX/cmex/m/n on input line 186.
LaTeX Font Info:    ... okay on input line 186.
LaTeX Font Info:    Checking defaults for U/cmr/m/n on input line 186.
LaTeX Font Info:    ... okay on input line 186.
LaTeX Font Info:    Try loading font information for T1+ptm on input line 186.
 (/usr/share/texlive/texmf-dist/tex/latex/psnfss/t1ptm.fd
File: t1ptm.fd 2001/06/04 font definitions for T1/ptm.
)
(/usr/share/texlive/texmf-dist/tex/context/base/supp-pdf.mkii
[Loading MPS to PDF converter (version 2006.09.02).]
\scratchcounter=\count393
\scratchdimen=\dimen265
\scratchbox=\box50
\nofMPsegments=\count394
\nofMParguments=\count395
\everyMPshowfont=\toks37
\MPscratchCnt=\count396
\MPscratchDim=\dimen266
\MPnumerator=\count397
\makeMPintoPDFobject=\count398
\everyMPtoPDFconversion=\toks38
) (/usr/share/texlive/texmf-dist/tex/generic/oberdiek/pdftexcmds.sty
Package: pdftexcmds 2011/11/29 v0.20 Utility functions of pdfTeX for LuaTeX (HO
)
Package pdftexcmds Info: LuaTeX not detected.
Package pdftexcmds Info: \pdf@primitive is available.
Package pdftexcmds Info: \pdf@ifprimitive is available.
Package pdftexcmds Info: \pdfdraftmode found.
)
(/usr/share/texlive/texmf-dist/tex/latex/oberdiek/epstopdf-base.sty
Package: epstopdf-base 2010/02/09 v2.5 Base part for package epstopdf

(/usr/share/texlive/texmf-dist/tex/latex/oberdiek/grfext.sty
Package: grfext 2010/08/19 v1.1 Manage graphics extensions (HO)

(/usr/share/texlive/texmf-dist/tex/generic/oberdiek/kvdefinekeys.sty
Package: kvdefinekeys 2011/04/07 v1.3 Define keys (HO)
))
Package grfext Info: Graphics extension search list:
(grfext)             [.png,.pdf,.jpg,.mps,.jpeg,.jbig2,.jb2,.PNG,.PDF,.JPG,.JPE
G,.JBIG2,.JB2,.eps]
(grfext)             \AppendGraphicsExtensions on input line 452.

(/usr/share/texlive/texmf-dist/tex/latex/latexconfig/epstopdf-sys.cfg
File: epstopdf-sys.cfg 2010/07/13 v1.3 Configuration of (r)epstopdf for TeX Liv
e
))
Package caption Info: Begin \AtBeginDocument code.
Package caption Info: subfig package v1.3 is loaded.
Package caption Info: End \AtBeginDocument code.
\AtBeginShipoutBox=\box51
Package biblatex Info: No input encoding detected.
(biblatex)             Assuming 'ascii'.
Package biblatex Info: Automatic encoding selection.
(biblatex)             Assuming data encoding 'ascii'.
\openout4 = `main.bcf'.

Package biblatex Info: Trying to load bibliographic data...
Package biblatex Info: ... file 'main.bbl' found.

(./main.bbl)
Package biblatex Info: Reference section=0 on input line 186.
Package biblatex Info: Reference segment=0 on input line 186.

Making Title Page
Making Copyrightpage
[1



{/var/lib/texmf/fonts/map/pdftex/updmap/pdftex.map}]
LaTeX Font Info:    Try loading font information for OT1+lmr on input line 186.


(/usr/share/texmf/tex/latex/lm/ot1lmr.fd
File: ot1lmr.fd 2009/10/30 v1.6 Font defs for Latin Modern
)
LaTeX Font Info:    Try loading font information for OML+lmm on input line 186.


(/usr/share/texmf/tex/latex/lm/omllmm.fd
File: omllmm.fd 2009/10/30 v1.6 Font defs for Latin Modern
)
LaTeX Font Info:    Try loading font information for OMS+lmsy on input line 186
.

(/usr/share/texmf/tex/latex/lm/omslmsy.fd
File: omslmsy.fd 2009/10/30 v1.6 Font defs for Latin Modern
)
LaTeX Font Info:    Try loading font information for OMX+lmex on input line 186
.

(/usr/share/texmf/tex/latex/lm/omxlmex.fd
File: omxlmex.fd 2009/10/30 v1.6 Font defs for Latin Modern
)
LaTeX Font Info:    External font `lmex10' loaded for size
(Font)              <12> on input line 186.
LaTeX Font Info:    External font `lmex10' loaded for size
(Font)              <8> on input line 186.
LaTeX Font Info:    External font `lmex10' loaded for size
(Font)              <6> on input line 186.
LaTeX Font Info:    Try loading font information for U+lasy on input line 186.

(/usr/share/texlive/texmf-dist/tex/latex/base/ulasy.fd
File: ulasy.fd 1998/08/17 v2.2e LaTeX symbol font definitions
)
LaTeX Font Info:    Try loading font information for U+msa on input line 186.

(/usr/share/texlive/texmf-dist/tex/latex/amsfonts/umsa.fd
File: umsa.fd 2013/01/14 v3.01 AMS symbols A
)
LaTeX Font Info:    Try loading font information for U+msb on input line 186.

(/usr/share/texlive/texmf-dist/tex/latex/amsfonts/umsb.fd
File: umsb.fd 2013/01/14 v3.01 AMS symbols B
)
LaTeX Font Info:    Try loading font information for OMS+ptm on input line 186.


(/usr/share/texlive/texmf-dist/tex/latex/psnfss/omsptm.fd
File: omsptm.fd 
)
LaTeX Font Info:    Font shape `OMS/ptm/m/n' in size <12> not available
(Font)              Font shape `OMS/cmsy/m/n' tried instead on input line 186.

Making Acknowledgments
[2

] (./thanks.tex)
Making Abstract Page
[3


] (./abstract.tex)
Making ToC Page
[4


] (./main.toc [5

]) [6]
Skipping LoT
Making LoF
(./main.lof [7


]) [8]


-------------------Beginning Body----------------------


\openout2 = `Introduction.aux'.

(./Introduction.tex [1





] <figures/Cave1S.png, id=33, 642.4pt x 361.35pt>
File: figures/Cave1S.png Graphic file (type png)

<use figures/Cave1S.png>
Package pdftex.def Info: figures/Cave1S.png used on input line 9.
(pdftex.def)             Requested size: 324.75pt x 182.67604pt.

<figures/DiverLine.png, id=34, 744.7825pt x 376.40625pt>
File: figures/DiverLine.png Graphic file (type png)

<use figures/DiverLine.png>
Package pdftex.def Info: figures/DiverLine.png used on input line 10.
(pdftex.def)             Requested size: 324.75pt x 164.13168pt.
 [2 <./figures/Cave1S.png (PNG copy)> <./figures/DiverLine.png (PNG copy)>]
LaTeX Font Info:    External font `lmex10' loaded for size
(Font)              <10> on input line 26.
LaTeX Font Info:    External font `lmex10' loaded for size
(Font)              <7> on input line 26.
LaTeX Font Info:    External font `lmex10' loaded for size
(Font)              <5> on input line 26.
) [3] [4]
\openout2 = `CamCalib.aux'.

 (./CamCalib.tex [5



]
<./figures/right-0006.png, id=48, 1927.2pt x 1084.05pt>
File: ./figures/right-0006.png Graphic file (type png)

<use ./figures/right-0006.png>
Package pdftex.def Info: ./figures/right-0006.png used on input line 9.
(pdftex.def)             Requested size: 324.75pt x 182.66502pt.
 (./CalibRelWork.tex [6 <./figures/right-0006.png (PNG copy)>] <figures/otherse
nsors_red.jpg, id=52, 1204.5pt x 683.55376pt>
File: figures/othersensors_red.jpg Graphic file (type jpg)

<use figures/othersensors_red.jpg>
Package pdftex.def Info: figures/othersensors_red.jpg used on input line 10.
(pdftex.def)             Requested size: 389.69736pt x 221.15105pt.
 [7])) [8 <./figures/othersensors_red.jpg>]
(./Calibtheory.tex [9

] [10] [11]) (./CalibDataCollection.tex [12]
<figures/combine_images_final.jpg, id=80, 1606.0pt x 542.025pt>
File: figures/combine_images_final.jpg Graphic file (type jpg)

<use figures/combine_images_final.jpg>
Package pdftex.def Info: figures/combine_images_final.jpg used on input line 8.

(pdftex.def)             Requested size: 389.69736pt x 131.51947pt.

<figures/without_superview.png, id=81, 1927.2pt x 1094.0875pt>
File: figures/without_superview.png Graphic file (type png)

<use figures/without_superview.png>
Package pdftex.def Info: figures/without_superview.png used on input line 22.
(pdftex.def)             Requested size: 173.19736pt x 98.31337pt.

<figures/with_superview.png, id=82, 1927.2pt x 1094.0875pt>
File: figures/with_superview.png Graphic file (type png)

<use figures/with_superview.png>
Package pdftex.def Info: figures/with_superview.png used on input line 23.
(pdftex.def)             Requested size: 173.19736pt x 98.31337pt.
) (./SuperView.tex) (./CalibMATLAB.tex [13 <./figures/combine_images_final.jpg>
] [14 <./figures/without_superview.png (PNG copy)> <./figures/with_superview.pn
g (PNG copy)>]
<./figures/Results_01.png, id=89, 1445.4pt x 813.0375pt>
File: ./figures/Results_01.png Graphic file (type png)

<use ./figures/Results_01.png>
Package pdftex.def Info: ./figures/Results_01.png used on input line 10.
(pdftex.def)             Requested size: 411.34868pt x 231.38313pt.
) (./CalibMATsults.tex
LaTeX Font Info:    Font shape `T1/ptm/bx/n' in size <12> not available
(Font)              Font shape `T1/ptm/b/n' tried instead on input line 2.

<figures/no_sup_unw_before.png, id=90, 421.575pt x 316.18124pt>
File: figures/no_sup_unw_before.png Graphic file (type png)

<use figures/no_sup_unw_before.png>
Package pdftex.def Info: figures/no_sup_unw_before.png used on input line 6.
(pdftex.def)             Requested size: 212.17238pt x 159.13232pt.

<figures/no_sup_unw_after.png, id=91, 421.575pt x 316.18124pt>
File: figures/no_sup_unw_after.png Graphic file (type png)

<use figures/no_sup_unw_after.png>
Package pdftex.def Info: figures/no_sup_unw_after.png used on input line 7.
(pdftex.def)             Requested size: 212.17238pt x 159.13232pt.

<figures/with_sup_unw_before.png, id=92, 421.575pt x 316.18124pt>
File: figures/with_sup_unw_before.png Graphic file (type png)

<use figures/with_sup_unw_before.png>
Package pdftex.def Info: figures/with_sup_unw_before.png used on input line 9.
(pdftex.def)             Requested size: 212.17238pt x 159.13232pt.

<figures/with_sup_unw_after_fix.png, id=93, 691.5098pt x 511.97589pt>
File: figures/with_sup_unw_after_fix.png Graphic file (type png)

<use figures/with_sup_unw_after_fix.png>
Package pdftex.def Info: figures/with_sup_unw_after_fix.png used on input line 
10.
(pdftex.def)             Requested size: 212.17238pt x 157.08595pt.
 [15]
<figures/no_sup_abvwat_before.png, id=98, 421.575pt x 316.18124pt>
File: figures/no_sup_abvwat_before.png Graphic file (type png)

<use figures/no_sup_abvwat_before.png>
Package pdftex.def Info: figures/no_sup_abvwat_before.png used on input line 16
.
(pdftex.def)             Requested size: 212.17238pt x 159.13232pt.

<figures/no_sup_abvwat_after.png, id=99, 421.575pt x 316.18124pt>
File: figures/no_sup_abvwat_after.png Graphic file (type png)

<use figures/no_sup_abvwat_after.png>
Package pdftex.def Info: figures/no_sup_abvwat_after.png used on input line 17.

(pdftex.def)             Requested size: 212.17238pt x 159.13232pt.

<figures/with_sup_abvwat_before.png, id=100, 421.575pt x 316.18124pt>
File: figures/with_sup_abvwat_before.png Graphic file (type png)

<use figures/with_sup_abvwat_before.png>
Package pdftex.def Info: figures/with_sup_abvwat_before.png used on input line 
19.
(pdftex.def)             Requested size: 212.17238pt x 159.13232pt.

<figures/with_sup_abvwat_after.png, id=101, 421.575pt x 316.18124pt>
File: figures/with_sup_abvwat_after.png Graphic file (type png)

<use figures/with_sup_abvwat_after.png>
Package pdftex.def Info: figures/with_sup_abvwat_after.png used on input line 2
0.
(pdftex.def)             Requested size: 212.17238pt x 159.13232pt.
) [16 <./figures/Results_01.png (PNG copy)>] [17] [18 <./figures/no_sup_unw_bef
ore.png (PNG copy)> <./figures/no_sup_unw_after.png (PNG copy)> <./figures/with
_sup_unw_before.png (PNG copy)> <./figures/with_sup_unw_after_fix.png (PNG copy
)>] [19 <./figures/no_sup_abvwat_before.png (PNG copy)> <./figures/no_sup_abvwa
t_after.png (PNG copy)> <./figures/with_sup_abvwat_before.png (PNG copy)> <./fi
gures/with_sup_abvwat_after.png (PNG copy)>]
\openout2 = `PC.aux'.

 (./PC.tex (./PCRelWork.tex [20


])) [21] (./PCChallenges.tex
<figures/vlcsnap-2015-04-24-22h02m05s387S.png, id=121, 642.4pt x 361.35pt>
File: figures/vlcsnap-2015-04-24-22h02m05s387S.png Graphic file (type png)

<use figures/vlcsnap-2015-04-24-22h02m05s387S.png>
Package pdftex.def Info: figures/vlcsnap-2015-04-24-22h02m05s387S.png used on i
nput line 11.
(pdftex.def)             Requested size: 268.45789pt x 151.01057pt.

<figures/vlcsnap-2015-04-24-22h04m59s302S.png, id=122, 642.4pt x 361.35pt>
File: figures/vlcsnap-2015-04-24-22h04m59s302S.png Graphic file (type png)

<use figures/vlcsnap-2015-04-24-22h04m59s302S.png>
Package pdftex.def Info: figures/vlcsnap-2015-04-24-22h04m59s302S.png used on i
nput line 12.
(pdftex.def)             Requested size: 268.45789pt x 151.01057pt.

<figures/vlcsnap-2015-04-24-22h09m25s981S.png, id=123, 642.4pt x 361.35pt>
File: figures/vlcsnap-2015-04-24-22h09m25s981S.png Graphic file (type png)

<use figures/vlcsnap-2015-04-24-22h09m25s981S.png>
Package pdftex.def Info: figures/vlcsnap-2015-04-24-22h09m25s981S.png used on i
nput line 13.
(pdftex.def)             Requested size: 268.45789pt x 151.01057pt.

<figures/LUR_0000S.png, id=124, 803.0pt x 451.6875pt>
File: figures/LUR_0000S.png Graphic file (type png)

<use figures/LUR_0000S.png>
Package pdftex.def Info: figures/LUR_0000S.png used on input line 24.
(pdftex.def)             Requested size: 203.51053pt x 114.47234pt.

<figures/LR_0000RectS.png, id=125, 803.0pt x 451.6875pt>
File: figures/LR_0000RectS.png Graphic file (type png)

<use figures/LR_0000RectS.png>
Package pdftex.def Info: figures/LR_0000RectS.png used on input line 25.
(pdftex.def)             Requested size: 203.51053pt x 114.47234pt.

<figures/LT_0000Thr.png, id=126, 1927.2pt x 1084.05pt>
File: figures/LT_0000Thr.png Graphic file (type png)

<use figures/LT_0000Thr.png>
Package pdftex.def Info: figures/LT_0000Thr.png used on input line 26.
(pdftex.def)             Requested size: 203.51053pt x 114.46544pt.

<figures/LT_0000EdgeS.png, id=127, 642.4pt x 361.35pt>
File: figures/LT_0000EdgeS.png Graphic file (type png)

<use figures/LT_0000EdgeS.png>
Package pdftex.def Info: figures/LT_0000EdgeS.png used on input line 27.
(pdftex.def)             Requested size: 203.51053pt x 114.47096pt.

<figures/LT_0000FEdgeS.png, id=128, 642.4pt x 361.35pt>
File: figures/LT_0000FEdgeS.png Graphic file (type png)

<use figures/LT_0000FEdgeS.png>
Package pdftex.def Info: figures/LT_0000FEdgeS.png used on input line 28.
(pdftex.def)             Requested size: 203.51053pt x 114.47096pt.

<figures/overlay_with_whiteS.png, id=129, 803.0pt x 451.6875pt>
File: figures/overlay_with_whiteS.png Graphic file (type png)

<use figures/overlay_with_whiteS.png>
Package pdftex.def Info: figures/overlay_with_whiteS.png used on input line 29.

(pdftex.def)             Requested size: 210.00526pt x 118.12518pt.

Overfull \hbox (5.9306pt too wide) in paragraph at lines 22--31
 | [] 
 []

) (./PCWireframe.tex [22

] [23 <./figures/vlcsnap-2015-04-24-22h02m05s387S.png (PNG copy)> <./figures/vl
csnap-2015-04-24-22h04m59s302S.png (PNG copy)> <./figures/vlcsnap-2015-04-24-22
h09m25s981S.png (PNG copy)>] [24 <./figures/LUR_0000S.png (PNG copy)> <./figure
s/LR_0000RectS.png (PNG copy)> <./figures/LT_0000Thr.png (PNG copy)> <./figures
/LT_0000EdgeS.png (PNG copy)> <./figures/LT_0000FEdgeS.png (PNG copy)> <./figur
es/overlay_with_whiteS.png>]
<./figures/LT_0000_pngmatchesS.png, id=142, 803.0pt x 225.84375pt>
File: ./figures/LT_0000_pngmatchesS.png Graphic file (type png)

<use ./figures/LT_0000_pngmatchesS.png>
Package pdftex.def Info: ./figures/LT_0000_pngmatchesS.png used on input line 1
0.
(pdftex.def)             Requested size: 411.34868pt x 115.6957pt.


LaTeX Warning: `h' float specifier changed to `ht'.

[25] <figures/sbm_straightS.png, id=146, 642.4pt x 421.575pt>
File: figures/sbm_straightS.png Graphic file (type png)

<use figures/sbm_straightS.png>
Package pdftex.def Info: figures/sbm_straightS.png used on input line 21.
(pdftex.def)             Requested size: 138.66223pt x 90.9996pt.

<figures/threshold_straightS.png, id=147, 642.4pt x 454.69875pt>
File: figures/threshold_straightS.png Graphic file (type png)

<use figures/threshold_straightS.png>
Package pdftex.def Info: figures/threshold_straightS.png used on input line 22.

(pdftex.def)             Requested size: 128.55614pt x 90.9996pt.

<figures/contours_straight_larger.png, id=148, 1184.425pt x 892.33376pt>
File: figures/contours_straight_larger.png Graphic file (type png)

<use figures/contours_straight_larger.png>
Package pdftex.def Info: figures/contours_straight_larger.png used on input lin
e 23.
(pdftex.def)             Requested size: 120.78084pt x 90.9996pt.

<figures/sbm_shotgunS.png, id=149, 642.4pt x 446.66875pt>
File: figures/sbm_shotgunS.png Graphic file (type png)

<use figures/sbm_shotgunS.png>
Package pdftex.def Info: figures/sbm_shotgunS.png used on input line 24.
(pdftex.def)             Requested size: 130.86946pt x 90.9996pt.

<figures/threshold_shotgunS.png, id=150, 642.4pt x 454.69875pt>
File: figures/threshold_shotgunS.png Graphic file (type png)

<use figures/threshold_shotgunS.png>
Package pdftex.def Info: figures/threshold_shotgunS.png used on input line 25.
(pdftex.def)             Requested size: 128.55614pt x 90.9996pt.

<figures/contours_shotgun_larger.png, id=151, 1274.7625pt x 997.7275pt>
File: figures/contours_shotgun_larger.png Graphic file (type png)

<use figures/contours_shotgun_larger.png>
Package pdftex.def Info: figures/contours_shotgun_larger.png used on input line
 26.
(pdftex.def)             Requested size: 116.26031pt x 90.9996pt.

Overfull \hbox (5.70871pt too wide) in paragraph at lines 19--28
 | [] 
 []

) (./PCVisOdom.tex [26 <./figures/LT_0000_pngmatchesS.png (PNG copy)>]
<./figures/OrbFeaturesS.png, id=155, 602.25pt x 324.46219pt>
File: ./figures/OrbFeaturesS.png Graphic file (type png)

<use ./figures/OrbFeaturesS.png>
Package pdftex.def Info: ./figures/OrbFeaturesS.png used on input line 4.
(pdftex.def)             Requested size: 389.69736pt x 209.95724pt.
 [27 <./figures/sbm_straightS.png (PNG copy)> <./figures/threshold_straightS.pn
g (PNG copy)> <./figures/contours_straight_larger.png (PNG copy)> <./figures/sb
m_shotgunS.png (PNG copy)> <./figures/threshold_shotgunS.png (PNG copy)> <./fig
ures/contours_shotgun_larger.png (PNG copy)>]
<./figures/8_min_ORBSLAM.png, id=159, 1103.12125pt x 996.72375pt>
File: ./figures/8_min_ORBSLAM.png Graphic file (type png)

<use ./figures/8_min_ORBSLAM.png>
Package pdftex.def Info: ./figures/8_min_ORBSLAM.png used on input line 15.
(pdftex.def)             Requested size: 198.32281pt x 266.50238pt.

<./figures/8_min_Our_Method.png, id=161, 1279.78125pt x 995.72pt>
File: ./figures/8_min_Our_Method.png Graphic file (type png)

<use ./figures/8_min_Our_Method.png>
Package pdftex.def Info: ./figures/8_min_Our_Method.png used on input line 16.
(pdftex.def)             Requested size: 197.46324pt x 266.50238pt.
) (./PCResults.tex [28 <./figures/OrbFeaturesS.png (PNG copy)>]
<./figures/error_metric1_edit.jpg, id=166, 562.1pt x 421.575pt>
File: ./figures/error_metric1_edit.jpg Graphic file (type jpg)

<use ./figures/error_metric1_edit.jpg>
Package pdftex.def Info: ./figures/error_metric1_edit.jpg used on input line 10
.
(pdftex.def)             Requested size: 203.51053pt x 152.62886pt.

<./figures/error_metric2_edit.jpg, id=167, 562.1pt x 421.575pt>
File: ./figures/error_metric2_edit.jpg Graphic file (type jpg)

<use ./figures/error_metric2_edit.jpg>
Package pdftex.def Info: ./figures/error_metric2_edit.jpg used on input line 11
.
(pdftex.def)             Requested size: 203.51053pt x 152.62886pt.

Overfull \hbox (5.93057pt too wide) in paragraph at lines 8--13
 | [] 
 []


LaTeX Warning: `h' float specifier changed to `ht'.

[29 <./figures/8_min_ORBSLAM.png> <./figures/8_min_Our_Method.png (PNG copy)>]
<./figures/dense_10sec_outsideS.png, id=175, 642.4pt x 526.96875pt>
File: ./figures/dense_10sec_outsideS.png Graphic file (type png)

<use ./figures/dense_10sec_outsideS.png>
Package pdftex.def Info: ./figures/dense_10sec_outsideS.png used on input line 
24.
(pdftex.def)             Requested size: 324.75pt x 266.40256pt.

<./figures/dense_10sec_insideS.png, id=176, 642.4pt x 501.875pt>
File: ./figures/dense_10sec_insideS.png Graphic file (type png)

<use ./figures/dense_10sec_insideS.png>
Package pdftex.def Info: ./figures/dense_10sec_insideS.png used on input line 2
5.
(pdftex.def)             Requested size: 324.75pt x 253.71672pt.
) [30 <./figures/error_metric1_edit.jpg> <./figures/error_metric2_edit.jpg>] [3
1 <./figures/dense_10sec_outsideS.png (PNG copy)> <./figures/dense_10sec_inside
S.png (PNG copy)>]
\openout2 = `Recon.aux'.

 (./Recon.tex
(./ReconRelWork.tex [32


] [33])) [34] (./ReconAlgComp.tex [35

]
<./figures/normals_pcl_without.png, id=196, 1926.19624pt x 1044.90375pt>
File: ./figures/normals_pcl_without.png Graphic file (type png)

<use ./figures/normals_pcl_without.png>
Package pdftex.def Info: ./figures/normals_pcl_without.png used on input line 1
2.
(pdftex.def)             Requested size: 411.34868pt x 223.13525pt.

<./figures/normals_pcl_with.png, id=197, 1928.20375pt x 1044.90375pt>
File: ./figures/normals_pcl_with.png Graphic file (type png)

<use ./figures/normals_pcl_with.png>
Package pdftex.def Info: ./figures/normals_pcl_with.png used on input line 13.
(pdftex.def)             Requested size: 411.34868pt x 222.91203pt.
 [36 <./figures/normals_pcl_without.png> <./figures/normals_pcl_with.png>]
<./figures/deltri01.png, id=201, 1234.6125pt x 736.25063pt>
File: ./figures/deltri01.png Graphic file (type png)

<use ./figures/deltri01.png>
Package pdftex.def Info: ./figures/deltri01.png used on input line 26.
(pdftex.def)             Requested size: 411.34868pt x 245.30019pt.

<figures/bp_all00.png, id=202, 1234.6125pt x 736.25063pt>
File: figures/bp_all00.png Graphic file (type png)

<use figures/bp_all00.png>
Package pdftex.def Info: figures/bp_all00.png used on input line 35.
(pdftex.def)             Requested size: 238.15132pt x 142.01234pt.

<figures/bp_tenthou00.png, id=203, 1234.6125pt x 736.25063pt>
File: figures/bp_tenthou00.png Graphic file (type png)

<use figures/bp_tenthou00.png>
Package pdftex.def Info: figures/bp_tenthou00.png used on input line 36.
(pdftex.def)             Requested size: 238.15132pt x 142.01234pt.

<figures/bp_thou01.png, id=204, 1234.6125pt x 736.25063pt>
File: figures/bp_thou01.png Graphic file (type png)

<use figures/bp_thou01.png>
Package pdftex.def Info: figures/bp_thou01.png used on input line 37.
(pdftex.def)             Requested size: 238.15132pt x 142.01234pt.


LaTeX Warning: `h' float specifier changed to `ht'.

[37 <./figures/deltri01.png>]
<./figures/rimls00.png, id=209, 1234.6125pt x 736.25063pt>
File: ./figures/rimls00.png Graphic file (type png)

<use ./figures/rimls00.png>
Package pdftex.def Info: ./figures/rimls00.png used on input line 52.
(pdftex.def)             Requested size: 411.34868pt x 245.30019pt.


LaTeX Warning: `h' float specifier changed to `ht'.

) [38] [39 <./figures/bp_all00.png> <./figures/bp_tenthou00.png> <./figures/bp_
thou01.png>] [40 <./figures/rimls00.png>]
\openout2 = `Conclusion.aux'.

 (./Conclusion.tex) [41


]
LaTeX Font Info:    Try loading font information for T1+pcr on input line 254.

(/usr/share/texlive/texmf-dist/tex/latex/psnfss/t1pcr.fd
File: t1pcr.fd 2001/06/04 font definitions for T1/pcr.
)
Overfull \hbox (5.91643pt too wide) in paragraph at lines 259--259
\T1/ptm/m/it/12 IEEE Trans-ac-tions on Vi-su-al-iza-tion and Com-puter Graph-ic
s \T1/ptm/m/n/12 5.4 (Oct. 1999), pp. 349^^U
 []

[42


] [43] [44]
Overfull \hbox (11.99252pt too wide) in paragraph at lines 259--259
\T1/ptm/m/it/12 Pro-cess-ing\T1/ptm/m/n/12 . SGP '06. Cagliari, Sar-dinia, Ital
y: Eu-ro-graph-ics As-so-ci-a-tion, 2006, pp. 61^^U
 []


Overfull \hbox (35.60117pt too wide) in paragraph at lines 259--259
\T1/ptm/m/it/12 of Robotics Re-search \T1/ptm/m/n/12 30.1 (Jan. 2011), pp. 56^^
U79. \T1/ptm/m/sc/12 doi\T1/ptm/m/n/12 : $\T1/pcr/m/n/12 10 . 1177 / 0278364910
382802$\T1/ptm/m/n/12 . 
 []


Overfull \hbox (1.68187pt too wide) in paragraph at lines 259--259
[]\T1/ptm/m/n/12 G. Klein and D. Mur-ray. ``Par-al-lel Track-ing and Map-ping f
or Small AR Workspaces''.
 []


Overfull \hbox (1.68187pt too wide) in paragraph at lines 259--259
[]\T1/ptm/m/n/12 G. Klein and D. Mur-ray. ``Par-al-lel Track-ing and Map-ping f
or Small AR Workspaces''.
 []

[45]
Overfull \hbox (3.31311pt too wide) in paragraph at lines 259--259
\T1/ptm/m/n/12 State Es-ti-ma-tion Al-go-rithms''. In: \T1/ptm/m/it/12 In-ter-n
a-tional Sym-po-sium of Ex-per-i-men-tal Robotics
 []

[46]
Overfull \hbox (12.06294pt too wide) in paragraph at lines 259--259
\T1/ptm/m/n/12 nav-i-ga-tion through fu-sion of USBL and DVL mea-sure-ments''. 
In: \T1/ptm/m/it/12 MTS/IEEE OCEANS\T1/ptm/m/n/12 .
 []

[47] [48] (/usr/share/texlive/texmf-dist/tex/latex/titlesec/block.tss
File: block.tss 2011/12/15
)
(./toolong.tex [49] (./CalibOCVport.tex [50

]
<./figures/allframes_axes_labels.png, id=257, 1099.9494pt x 779.0706pt>
File: ./figures/allframes_axes_labels.png Graphic file (type png)

<use ./figures/allframes_axes_labels.png>
Package pdftex.def Info: ./figures/allframes_axes_labels.png used on input line
 20.
(pdftex.def)             Requested size: 411.34868pt x 291.34239pt.
)) [51] [52 <./figures/allframes_axes_labels.png>]
\tf@toc=\write5
\openout5 = `main.toc'.

\tf@lof=\write6
\openout6 = `main.lof'.

 (./main.aux (./Introduction.aux) (./CamCalib.aux) (./PC.aux)
(./Recon.aux) (./Conclusion.aux))
Package logreq Info: Writing requests to 'main.run.xml'.
\openout1 = `main.run.xml'.

 ) 
Here is how much of TeX's memory you used:
 20735 strings out of 494985
 356586 string characters out of 6180356
 780025 words of memory out of 5000000
 23494 multiletter control sequences out of 15000+600000
 74832 words of font info for 81 fonts, out of 8000000 for 9000
 36 hyphenation exceptions out of 8191
 49i,16n,49p,10429b,1030s stack positions out of 5000i,500n,10000p,200000b,80000s
{/usr/share/texlive/texmf-dist/fonts/enc/dvips/base/8r.enc}{/usr/share/texmf/
fonts/enc/dvips/lm/lm-mathsy.enc}{/usr/share/texmf/fonts/enc/dvips/lm/lm-rm.enc
}{/usr/share/texmf/fonts/enc/dvips/lm/lm-mathit.enc}{/usr/share/texmf/fonts/enc
/dvips/lm/lm-mathex.enc}</usr/share/texlive/texmf-dist/fonts/type1/public/amsfo
nts/cm/cmsy10.pfb></usr/share/texmf/fonts/type1/public/lm/lmex10.pfb></usr/shar
e/texmf/fonts/type1/public/lm/lmmi12.pfb></usr/share/texmf/fonts/type1/public/l
m/lmmi8.pfb></usr/share/texmf/fonts/type1/public/lm/lmr12.pfb></usr/share/texmf
/fonts/type1/public/lm/lmr8.pfb></usr/share/texmf/fonts/type1/public/lm/lmsy10.
pfb></usr/share/texmf/fonts/type1/public/lm/lmsy8.pfb></usr/share/texlive/texmf
-dist/fonts/type1/urw/courier/ucrr8a.pfb></usr/share/texlive/texmf-dist/fonts/t
ype1/urw/times/utmb8a.pfb></usr/share/texlive/texmf-dist/fonts/type1/urw/times/
utmr8a.pfb></usr/share/texlive/texmf-dist/fonts/type1/urw/times/utmri8a.pfb>
Output written on main.pdf (60 pages, 19555259 bytes).
PDF statistics:
 311 PDF objects out of 1000 (max. 8388607)
 178 compressed objects within 2 object streams
 0 named destinations out of 1000 (max. 500000)
 248 words of extra memory for PDF output out of 10000 (max. 10000000)

